Update Managed Component C300 From CMP-018-000010-5[100n] To CMP-018-000010-5[SMD_0603_100n_1] in HS-IO Outputs.SchDoc
Update Managed Component C301 From CMP-018-000010-5[100n] To CMP-018-000010-5[SMD_0603_100n_1] in HS-IO Outputs.SchDoc
Update Managed Component J300 From CMP-019-000004-1[MSTBVA 2,5/ 8-G] To CMP-019-000004-1[MSTBVA 2,5/ 8-G] in HS-IO Outputs.SchDoc
Update Managed Component J301 From CMP-019-000004-1[MSTBVA 2,5/ 8-G] To CMP-019-000004-1[MSTBVA 2,5/ 8-G] in HS-IO Outputs.SchDoc
Update Managed Component J302 From CMP-019-000004-1[MSTBVA 2,5/ 8-G] To CMP-019-000004-1[MSTBVA 2,5/ 8-G] in HS-IO Outputs.SchDoc
Update Managed Component K300 From CMP-031-000013-1[DSP1a-DC12V] To CMP-031-000013-1[DSP1a-DC12V] in HS-IO Outputs.SchDoc
Update Managed Component K301 From CMP-031-000013-1[DSP1a-DC12V] To CMP-031-000013-1[DSP1a-DC12V] in HS-IO Outputs.SchDoc
Update Managed Component K302 From CMP-031-000013-1[DSP1a-DC12V] To CMP-031-000013-1[DSP1a-DC12V] in HS-IO Outputs.SchDoc
Update Managed Component K303 From CMP-031-000013-1[DSP1a-DC12V] To CMP-031-000013-1[DSP1a-DC12V] in HS-IO Outputs.SchDoc
Update Managed Component K304 From CMP-031-000013-1[DSP1a-DC12V] To CMP-031-000013-1[DSP1a-DC12V] in HS-IO Outputs.SchDoc
Update Managed Component K305 From CMP-031-000013-1[DSP1a-DC12V] To CMP-031-000013-1[DSP1a-DC12V] in HS-IO Outputs.SchDoc
Update Managed Component K306 From CMP-031-000013-1[DSP1a-DC12V] To CMP-031-000013-1[DSP1a-DC12V] in HS-IO Outputs.SchDoc
Update Managed Component K307 From CMP-031-000013-1[DSP1a-DC12V] To CMP-031-000013-1[DSP1a-DC12V] in HS-IO Outputs.SchDoc
Update Managed Component K308 From CMP-031-000013-1[DSP1a-DC12V] To CMP-031-000013-1[DSP1a-DC12V] in HS-IO Outputs.SchDoc
Update Managed Component K309 From CMP-031-000013-1[DSP1a-DC12V] To CMP-031-000013-1[DSP1a-DC12V] in HS-IO Outputs.SchDoc
Update Managed Component K310 From CMP-031-000013-1[DSP1a-DC12V] To CMP-031-000013-1[DSP1a-DC12V] in HS-IO Outputs.SchDoc
Update Managed Component K311 From CMP-031-000013-1[DSP1a-DC12V] To CMP-031-000013-1[DSP1a-DC12V] in HS-IO Outputs.SchDoc
Update Managed Component K312 From CMP-031-000013-1[DSP1a-DC12V] To CMP-031-000013-1[DSP1a-DC12V] in HS-IO Outputs.SchDoc
Update Managed Component K313 From CMP-031-000013-1[DSP1a-DC12V] To CMP-031-000013-1[DSP1a-DC12V] in HS-IO Outputs.SchDoc
Update Managed Component K314 From CMP-031-000013-1[DSP1a-DC12V] To CMP-031-000013-1[DSP1a-DC12V] in HS-IO Outputs.SchDoc
Update Managed Component K315 From CMP-031-000013-1[DSP1a-DC12V] To CMP-031-000013-1[DSP1a-DC12V] in HS-IO Outputs.SchDoc
Update Managed Component L300 From CMP-006-00002-1[742792651] To CMP-006-00002-1[742792651] in HS-IO Outputs.SchDoc
Update Managed Component L301 From CMP-006-00002-1[742792651] To CMP-006-00002-1[742792651] in HS-IO Outputs.SchDoc
Update Managed Component L302 From CMP-006-00002-1[742792651] To CMP-006-00002-1[742792651] in HS-IO Outputs.SchDoc
Update Managed Component L303 From CMP-006-00002-1[742792651] To CMP-006-00002-1[742792651] in HS-IO Outputs.SchDoc
Update Managed Component L304 From CMP-006-00002-1[742792651] To CMP-006-00002-1[742792651] in HS-IO Outputs.SchDoc
Update Managed Component L305 From CMP-006-00002-1[742792651] To CMP-006-00002-1[742792651] in HS-IO Outputs.SchDoc
Update Managed Component L306 From CMP-006-00002-1[742792651] To CMP-006-00002-1[742792651] in HS-IO Outputs.SchDoc
Update Managed Component L307 From CMP-006-00002-1[742792651] To CMP-006-00002-1[742792651] in HS-IO Outputs.SchDoc
Update Managed Component L308 From CMP-006-00002-1[742792651] To CMP-006-00002-1[742792651] in HS-IO Outputs.SchDoc
Update Managed Component L309 From CMP-006-00002-1[742792651] To CMP-006-00002-1[742792651] in HS-IO Outputs.SchDoc
Update Managed Component L310 From CMP-006-00002-1[742792651] To CMP-006-00002-1[742792651] in HS-IO Outputs.SchDoc
Update Managed Component L311 From CMP-006-00002-1[742792651] To CMP-006-00002-1[742792651] in HS-IO Outputs.SchDoc
Update Managed Component L312 From CMP-006-00002-1[742792651] To CMP-006-00002-1[742792651] in HS-IO Outputs.SchDoc
Update Managed Component L313 From CMP-006-00002-1[742792651] To CMP-006-00002-1[742792651] in HS-IO Outputs.SchDoc
Update Managed Component L314 From CMP-006-00002-1[742792651] To CMP-006-00002-1[742792651] in HS-IO Outputs.SchDoc
Update Managed Component L315 From CMP-006-00002-1[742792651] To CMP-006-00002-1[742792651] in HS-IO Outputs.SchDoc
Update Managed Component U300 From CMP-015-000011-1[MCP23017-E/SS] To CMP-015-000011-1[CMP-0186-00176-2] in HS-IO Outputs.SchDoc
Update Managed Component V300 From CMP-031-000016-1[ULN2803AFWG] To CMP-031-000016-1[ULN2803AFWG] in HS-IO Outputs.SchDoc
Update Managed Component V301 From CMP-031-000016-1[ULN2803AFWG] To CMP-031-000016-1[ULN2803AFWG] in HS-IO Outputs.SchDoc
