Removed Pin From Net: NetName=12V Pin=J202-1
Removed Pin From Net: NetName=12V Pin=J202-2
Removed Pin From Net: NetName=Gnd Pin=J202-4
Removed Pin From Net: NetName=I-GND Pin=J202-5
Removed Pin From Net: NetName=I-GND Pin=J202-6
Removed Pin From Net: NetName=I-GND Pin=J202-7
Removed Pin From Net: NetName=I-GND Pin=J202-8
Removed Pin From Net: NetName=I-GND Pin=J202-9
Removed Pin From Net: NetName=K6A Pin=J300-1
Removed Pin From Net: NetName=K5A Pin=J300-2
Removed Pin From Net: NetName=K4A Pin=J300-4
Removed Pin From Net: NetName=K3A Pin=J300-5
Removed Pin From Net: NetName=K2A Pin=J300-7
Removed Pin From Net: NetName=K10A Pin=J301-3
Removed Pin From Net: NetName=K9A Pin=J301-4
Removed Pin From Net: NetName=K8A Pin=J301-6
Removed Pin From Net: NetName=K7A Pin=J301-7
Removed Pin From Net: NetName=K12A Pin=J302-7
Removed Pin From Net: NetName=K11A Pin=J302-8
Removed Pin From Net: NetName=12V Pin=K312-1
Removed Pin From Net: NetName=12V Pin=K313-1
Removed Pin From Net: NetName=12V Pin=K314-1
Removed Pin From Net: NetName=12V Pin=K315-1
Removed Pin From Net: NetName=K1B Pin=NT300-A
Removed Pin From Net: NetName=K2B Pin=NT301-A
Removed Pin From Net: NetName=K3B Pin=NT302-A
Removed Pin From Net: NetName=K4B Pin=NT303-A
Removed Pin From Net: NetName=K5B Pin=NT304-A
Removed Pin From Net: NetName=K6B Pin=NT305-A
Removed Pin From Net: NetName=K7B Pin=NT306-A
Removed Pin From Net: NetName=K8B Pin=NT307-A
Removed Pin From Net: NetName=K9B Pin=NT308-A
Removed Pin From Net: NetName=K10B Pin=NT309-A
Removed Pin From Net: NetName=K11B Pin=NT310-A
Removed Pin From Net: NetName=K12B Pin=NT311-A
Removed Member From Class: ClassName=HS-IO Outputs Member=K312
Removed Member From Class: ClassName=HS-IO Outputs Member=K313
Removed Member From Class: ClassName=HS-IO Outputs Member=K314
Removed Member From Class: ClassName=HS-IO Outputs Member=K315
Removed Member From Class: ClassName=HS-IO Inputs Member=L212
Removed Member From Class: ClassName=HS-IO Inputs Member=L213
Removed Member From Class: ClassName=HS-IO Inputs Member=L214
Removed Member From Class: ClassName=HS-IO Inputs Member=L215
Removed Member From Class: ClassName=HS-IO Outputs Member=L312
Removed Member From Class: ClassName=HS-IO Outputs Member=L313
Removed Member From Class: ClassName=HS-IO Outputs Member=L314
Removed Member From Class: ClassName=HS-IO Outputs Member=L315
Removed Member From Class: ClassName=HS-IO Outputs Member=NT300
Removed Member From Class: ClassName=HS-IO Outputs Member=NT301
Removed Member From Class: ClassName=HS-IO Outputs Member=NT302
Removed Member From Class: ClassName=HS-IO Outputs Member=NT303
Removed Member From Class: ClassName=HS-IO Outputs Member=NT304
Removed Member From Class: ClassName=HS-IO Outputs Member=NT305
Removed Member From Class: ClassName=HS-IO Outputs Member=NT306
Removed Member From Class: ClassName=HS-IO Outputs Member=NT307
Removed Member From Class: ClassName=HS-IO Outputs Member=NT308
Removed Member From Class: ClassName=HS-IO Outputs Member=NT309
Removed Member From Class: ClassName=HS-IO Outputs Member=NT310
Removed Member From Class: ClassName=HS-IO Outputs Member=NT311
Removed Member From Class: ClassName=HS-IO Outputs Member=NT312
Removed Member From Class: ClassName=HS-IO Outputs Member=NT313
Removed Member From Class: ClassName=HS-IO Outputs Member=NT314
Removed Member From Class: ClassName=HS-IO Outputs Member=NT315
Removed Member From Class: ClassName=HS-IO Inputs Member=R259
Change Footprint: Footprint Not Found CR1608-0603
Change Component Comment : Designator=R251 Old Comment=S0603_560R_1 New Comment=3k3
Change Managed Component Library Link : Designator=R251 Old VaultGUID=29097EE0-A037-4581-B2B7-EB8162C963FE New VaultGUID= Old ItemGUID=14FF4816-127B-4F26-8684-E9D30CB7F27C New ItemGUID= Old RevisionGUID=5E240B59-A0E5-4B90-883F-53D149E420DD New RevisionGUID=
Change component parameters: Designator = "R251" ("R251"); Footprint = "CR1608-0603"; UniqueID = "\QVXJRLFR" ("\QVXJRLFR")
Change component parameters (AddParameter): Name = "checked"; Value = "checked"; VariantName = "[No Variations]"
Change component parameters (AddParameter): Name = "ComponentLink1Description"; Value = "Manufacturer Link"; VariantName = "[No Variations]"
Change component parameters (AddParameter): Name = "ComponentLink1URL"; Value = "https://www.vishay.com/"; VariantName = "[No Variations]"
Change component parameters (AddParameter): Name = "ComponentLink2Description"; Value = "Datasheet"; VariantName = "[No Variations]"
Change component parameters (AddParameter): Name = "ComponentLink2URL"; Value = "https://www.vishay.com/docs/20035/dcrcwe3.pdf"; VariantName = "[No Variations]"
Change component parameters (AddParameter): Name = "E01_Value_1"; Value = "3k3"; VariantName = "[No Variations]"
Change component parameters (AddParameter): Name = "E02_Tolerance_Minus"; Value = ""; VariantName = "[No Variations]"
Change component parameters (AddParameter): Name = "E03_Tolerance_Plus"; Value = ""; VariantName = "[No Variations]"
Change component parameters (AddParameter): Name = "E04_Value_2"; Value = ""; VariantName = "[No Variations]"
Change component parameters (AddParameter): Name = "E05_Value_3"; Value = ""; VariantName = "[No Variations]"
Change component parameters (AddParameter): Name = "E06_Value_4"; Value = ""; VariantName = "[No Variations]"
Change component parameters (AddParameter): Name = "E07_Comment"; Value = "3k3"; VariantName = "[No Variations]"
Change component parameters (AddParameter): Name = "E08_Description"; Value = "SMD0603, 0.1W, TK100, 1%, 3,3k, Metallfilm"; VariantName = "[No Variations]"
Change component parameters (AddParameter): Name = "E10_Type"; Value = ""; VariantName = "[No Variations]"
Change component parameters (AddParameter): Name = "E11_Technology_1"; Value = ""; VariantName = "[No Variations]"
Change component parameters (AddParameter): Name = "E12_Technology_2"; Value = ""; VariantName = "[No Variations]"
Change component parameters (AddParameter): Name = "E13_Technology_3"; Value = ""; VariantName = "[No Variations]"
Change component parameters (AddParameter): Name = "Kommentar"; Value = "Dickfilmwiderstände - SMD 1/10Watt 3.3Kohms 1% Commercial Use"; VariantName = "[No Variations]"
Change component parameters (AddParameter): Name = "L01_Manufacturer"; Value = ""; VariantName = "[No Variations]"
Change component parameters (AddParameter): Name = "L02_Manufacturer_Part_Number"; Value = ""; VariantName = "[No Variations]"
Change component parameters (AddParameter): Name = "L03_Price_Per_1000"; Value = ""; VariantName = "[No Variations]"
Change component parameters (AddParameter): Name = "L04_Distributor"; Value = ""; VariantName = "[No Variations]"
Change component parameters (AddParameter): Name = "L05_Distributor_Ordernumber"; Value = ""; VariantName = "[No Variations]"
Change component parameters (AddParameter): Name = "M01_Package"; Value = ""; VariantName = "[No Variations]"
Change component parameters (AddParameter): Name = "M02_Pin_Pitch"; Value = ""; VariantName = "[No Variations]"
Change component parameters (AddParameter): Name = "M03_Pin_Count"; Value = ""; VariantName = "[No Variations]"
Change component parameters (AddParameter): Name = "M04_Pin_Alignment"; Value = ""; VariantName = "[No Variations]"
Change component parameters (AddParameter): Name = "M05_Mounting_Type"; Value = ""; VariantName = "[No Variations]"
Change component parameters (AddParameter): Name = "M10_Length_Max"; Value = ""; VariantName = "[No Variations]"
Change component parameters (AddParameter): Name = "M11_Width_Max"; Value = ""; VariantName = "[No Variations]"
Change component parameters (AddParameter): Name = "M12_Height_Max"; Value = ""; VariantName = "[No Variations]"
Change component parameters (AddParameter): Name = "Manufacturer"; Value = "Vishay / Dale"; VariantName = "[No Variations]"
Change component parameters (AddParameter): Name = "Manufacturer Part Number"; Value = "CRCW06033K30FKEBC"; VariantName = "[No Variations]"
Change component parameters (AddParameter): Name = "Revision"; Value = ""; VariantName = "[No Variations]"
Change component parameters (AddParameter): Name = "Supplier"; Value = "Mouser"; VariantName = "[No Variations]"
Change component parameters (AddParameter): Name = "Supplier Order Number"; Value = "71-CRCW06033K30FKEBC"; VariantName = "[No Variations]"
Change component parameters (AddParameter): Name = "Supplier Price 100pcs"; Value = "0,012 €"; VariantName = "[No Variations]"
Change component parameters (AddParameter): Name = "T01_Operating_Temp_Min"; Value = ""; VariantName = "[No Variations]"
Change component parameters (AddParameter): Name = "T02_Operating_Temp_Max"; Value = ""; VariantName = "[No Variations]"
Add component: Footprint Not Found TA-C
Add component: Footprint Not Found CC1608-0603
Add component: Footprint Not Found CC1608-0603
Add component: Footprint Not Found CC1608-0603
Add component: Footprint Not Found CC1608-0603
Add component: Footprint Not Found CC1608-0603
Add component: Footprint Not Found CC1608-0603
Add component: Footprint Not Found CC1608-0603
Add component: Footprint Not Found CC1608-0603
Add component: Footprint Not Found CC1608-0603
Add component: Footprint Not Found CC1608-0603
Add component: Footprint Not Found CC1608-0603
Add component: Footprint Not Found CC1608-0603
Add component: Footprint Not Found SMB
Add component: Footprint Not Found SOD323F
Add component: Footprint Not Found SMB
Add component: Footprint Not Found SOD323F
Add component: Footprint Not Found SMB
Add component: Footprint Not Found SOD323F
Add component: Footprint Not Found SMB
Add component: Footprint Not Found SOD323F
Add component: Footprint Not Found SMB
Add component: Footprint Not Found SOD323F
Add component: Footprint Not Found SMB
Add component: Footprint Not Found SOD323F
Add component: Footprint Not Found SMB
Add component: Footprint Not Found SOD323F
Add component: Footprint Not Found SMB
Add component: Footprint Not Found SOD323F
Add component: Footprint Not Found SMB
Add component: Footprint Not Found SOD323F
Add component: Footprint Not Found SMB
Add component: Footprint Not Found SOD323F
Add component: Footprint Not Found SMB
Add component: Footprint Not Found SOD323F
Add component: Footprint Not Found SMB
Add component: Footprint Not Found SOD323F
Add component: Footprint Not Found ASPI-4020S
Add component: Footprint Not Found CR1608-0603
Add component: Footprint Not Found CR1608-0603
Add component: Footprint Not Found CR1608-0603
Add component: Footprint Not Found CR1608-0603
Add component: Footprint Not Found CR1608-0603
Add component: Footprint Not Found CR1608-0603
Add component: Footprint Not Found CR1608-0603
Add component: Footprint Not Found CR1608-0603
Add component: Footprint Not Found CR1608-0603
Add component: Footprint Not Found CR1608-0603
Add component: Footprint Not Found CR1608-0603
Add component: Footprint Not Found CR1608-0603
Add component: Footprint Not Found CR1608-0603
Add component: Footprint Not Found CR1608-0603
Add component: Footprint Not Found CR1608-0603
Add component: Footprint Not Found CR1608-0603
Add component: Footprint Not Found CR1608-0603
Add component: Footprint Not Found CR1608-0603
Add component: Footprint Not Found CR1608-0603
Add component: Footprint Not Found CR1608-0603
Add component: Footprint Not Found CR1608-0603
Add component: Footprint Not Found CR1608-0603
Add component: Footprint Not Found CR1608-0603
Add component: Footprint Not Found CR1608-0603
Add component: Footprint Not Found CR1608-0603
Add component: Footprint Not Found CR1608-0603
Add component: Footprint Not Found CR1608-0603
Add component: Footprint Not Found CR1608-0603
Add component: Footprint Not Found CR1608-0603
Add component: Footprint Not Found CR1608-0603
Add component: Footprint Not Found CR1608-0603
Add component: Footprint Not Found CR1608-0603
Add component: Footprint Not Found CR1608-0603
Add component: Footprint Not Found CR1608-0603
Add component: Footprint Not Found CR1608-0603
Add component: Footprint Not Found CR1608-0603
Add component: Footprint Not Found CR1608-0603
Add component: Footprint Not Found CR1608-0603
Add component: Footprint Not Found CR1608-0603
Add component: Footprint Not Found CR1608-0603
Add component: Footprint Not Found CR1608-0603
Add component: Footprint Not Found CR1608-0603
Add component: Footprint Not Found CR1608-0603
Add component: Footprint Not Found CR1608-0603
Add component: Footprint Not Found CR1608-0603
Add component: Footprint Not Found CR1608-0603
Add component: Footprint Not Found CR1608-0603
Add component: Footprint Not Found ARV241
Add component: Footprint Not Found ARV241
Add component: Footprint Not Found CR1608-0603
Add component: Footprint Not Found ARV241
Add component: Footprint Not Found SOT95P280X100-6N
Add component: Footprint Not Found SIP4_6mm
Add component: Footprint Not Found SO14
Add component: Footprint Not Found SO14
Add component: Footprint Not Found SOIC8
Add component: Footprint Not Found SOIC8
Add component: Footprint Not Found SOIC8
Add component: Footprint Not Found SOIC8
Add component: Footprint Not Found SOIC8
Add component: Footprint Not Found SOIC8
Add Pin To Net: Unknown Pin: Pin C107-1
Add Pin To Net: Unknown Pin: Pin C107-2
Add Pin To Net: Unknown Pin: Pin C200-1
Add Pin To Net: Unknown Pin: Pin C200-2
Add Pin To Net: Unknown Pin: Pin C201-1
Add Pin To Net: Unknown Pin: Pin C201-2
Add Pin To Net: Unknown Pin: Pin C202-1
Add Pin To Net: Unknown Pin: Pin C202-2
Add Pin To Net: Unknown Pin: Pin C203-1
Add Pin To Net: Unknown Pin: Pin C203-2
Add Pin To Net: Unknown Pin: Pin C204-1
Add Pin To Net: Unknown Pin: Pin C204-2
Add Pin To Net: Unknown Pin: Pin C205-1
Add Pin To Net: Unknown Pin: Pin C205-2
Add Pin To Net: Unknown Pin: Pin C206-1
Add Pin To Net: Unknown Pin: Pin C206-2
Add Pin To Net: Unknown Pin: Pin C207-1
Add Pin To Net: Unknown Pin: Pin C207-2
Add Pin To Net: Unknown Pin: Pin C208-1
Add Pin To Net: Unknown Pin: Pin C208-2
Add Pin To Net: Unknown Pin: Pin C209-1
Add Pin To Net: Unknown Pin: Pin C209-2
Add Pin To Net: Unknown Pin: Pin C210-1
Add Pin To Net: Unknown Pin: Pin C210-2
Add Pin To Net: Unknown Pin: Pin C211-1
Add Pin To Net: Unknown Pin: Pin C211-2
Add Pin To Net: Unknown Pin: Pin D200-1
Add Pin To Net: Unknown Pin: Pin D200-2
Add Pin To Net: Unknown Pin: Pin D201-1
Add Pin To Net: Unknown Pin: Pin D201-2
Add Pin To Net: Unknown Pin: Pin D202-1
Add Pin To Net: Unknown Pin: Pin D202-2
Add Pin To Net: Unknown Pin: Pin D203-1
Add Pin To Net: Unknown Pin: Pin D203-2
Add Pin To Net: Unknown Pin: Pin D204-1
Add Pin To Net: Unknown Pin: Pin D204-2
Add Pin To Net: Unknown Pin: Pin D205-1
Add Pin To Net: Unknown Pin: Pin D205-2
Add Pin To Net: Unknown Pin: Pin D206-1
Add Pin To Net: Unknown Pin: Pin D206-2
Add Pin To Net: Unknown Pin: Pin D207-1
Add Pin To Net: Unknown Pin: Pin D207-2
Add Pin To Net: Unknown Pin: Pin D208-1
Add Pin To Net: Unknown Pin: Pin D208-2
Add Pin To Net: Unknown Pin: Pin D209-1
Add Pin To Net: Unknown Pin: Pin D209-2
Add Pin To Net: Unknown Pin: Pin D210-1
Add Pin To Net: Unknown Pin: Pin D210-2
Add Pin To Net: Unknown Pin: Pin D211-1
Add Pin To Net: Unknown Pin: Pin D211-2
Add Pin To Net: Unknown Pin: Pin D212-1
Add Pin To Net: Unknown Pin: Pin D212-2
Add Pin To Net: Unknown Pin: Pin D213-1
Add Pin To Net: Unknown Pin: Pin D213-2
Add Pin To Net: Unknown Pin: Pin D214-1
Add Pin To Net: Unknown Pin: Pin D214-2
Add Pin To Net: Unknown Pin: Pin D215-1
Add Pin To Net: Unknown Pin: Pin D215-2
Add Pin To Net: Unknown Pin: Pin D216-1
Add Pin To Net: Unknown Pin: Pin D216-2
Add Pin To Net: Unknown Pin: Pin D217-1
Add Pin To Net: Unknown Pin: Pin D217-2
Add Pin To Net: Unknown Pin: Pin D218-1
Add Pin To Net: Unknown Pin: Pin D218-2
Add Pin To Net: Unknown Pin: Pin D219-1
Add Pin To Net: Unknown Pin: Pin D219-2
Add Pin To Net: Unknown Pin: Pin D220-1
Add Pin To Net: Unknown Pin: Pin D220-2
Add Pin To Net: Unknown Pin: Pin D221-1
Add Pin To Net: Unknown Pin: Pin D221-2
Add Pin To Net: Unknown Pin: Pin D222-1
Add Pin To Net: Unknown Pin: Pin D222-2
Add Pin To Net: Unknown Pin: Pin D223-1
Add Pin To Net: Unknown Pin: Pin D223-2
Added Pin To Net: NetName=12V Pin=J201-5
Added Pin To Net: NetName=12V Pin=J201-6
Added Pin To Net: NetName=NetR104_1 Pin=J202-1
Added Pin To Net: NetName=NetR105_1 Pin=J202-2
Added Pin To Net: NetName=R\E\S\E\T\ Pin=J202-4
Added Pin To Net: NetName=Gnd Pin=J202-9
Added Pin To Net: NetName=K4B Pin=J300-1
Added Pin To Net: NetName=K4A Pin=J300-2
Added Pin To Net: NetName=K3B Pin=J300-3
Added Pin To Net: NetName=K3A Pin=J300-4
Added Pin To Net: NetName=K2B Pin=J300-5
Added Pin To Net: NetName=K2A Pin=J300-6
Added Pin To Net: NetName=K1B Pin=J300-7
Added Pin To Net: NetName=K8B Pin=J301-1
Added Pin To Net: NetName=K8A Pin=J301-2
Added Pin To Net: NetName=K7B Pin=J301-3
Added Pin To Net: NetName=K7A Pin=J301-4
Added Pin To Net: NetName=K6B Pin=J301-5
Added Pin To Net: NetName=K6A Pin=J301-6
Added Pin To Net: NetName=K5B Pin=J301-7
Added Pin To Net: NetName=K5A Pin=J301-8
Added Pin To Net: NetName=K12B Pin=J302-1
Added Pin To Net: NetName=K12A Pin=J302-2
Added Pin To Net: NetName=K11B Pin=J302-3
Added Pin To Net: NetName=K11A Pin=J302-4
Added Pin To Net: NetName=K10B Pin=J302-5
Added Pin To Net: NetName=K10A Pin=J302-6
Added Pin To Net: NetName=K9B Pin=J302-7
Added Pin To Net: NetName=K9A Pin=J302-8
Add Pin To Net: Unknown Pin: Pin L102-1
Add Pin To Net: Unknown Pin: Pin L102-2
Add Pin To Net: Unknown Pin: Pin R100-1
Add Pin To Net: Unknown Pin: Pin R100-2
Add Pin To Net: Unknown Pin: Pin R101-1
Add Pin To Net: Unknown Pin: Pin R101-2
Add Pin To Net: Unknown Pin: Pin R200-1
Add Pin To Net: Unknown Pin: Pin R200-2
Add Pin To Net: Unknown Pin: Pin R201-1
Add Pin To Net: Unknown Pin: Pin R201-2
Add Pin To Net: Unknown Pin: Pin R202-1
Add Pin To Net: Unknown Pin: Pin R202-2
Add Pin To Net: Unknown Pin: Pin R204-1
Add Pin To Net: Unknown Pin: Pin R204-2
Add Pin To Net: Unknown Pin: Pin R205-1
Add Pin To Net: Unknown Pin: Pin R205-2
Add Pin To Net: Unknown Pin: Pin R206-1
Add Pin To Net: Unknown Pin: Pin R206-2
Add Pin To Net: Unknown Pin: Pin R207-1
Add Pin To Net: Unknown Pin: Pin R207-2
Add Pin To Net: Unknown Pin: Pin R208-1
Add Pin To Net: Unknown Pin: Pin R208-2
Add Pin To Net: Unknown Pin: Pin R209-1
Add Pin To Net: Unknown Pin: Pin R209-2
Add Pin To Net: Unknown Pin: Pin R210-1
Add Pin To Net: Unknown Pin: Pin R210-2
Add Pin To Net: Unknown Pin: Pin R212-1
Add Pin To Net: Unknown Pin: Pin R212-2
Add Pin To Net: Unknown Pin: Pin R213-1
Add Pin To Net: Unknown Pin: Pin R213-2
Add Pin To Net: Unknown Pin: Pin R214-1
Add Pin To Net: Unknown Pin: Pin R214-2
Add Pin To Net: Unknown Pin: Pin R215-1
Add Pin To Net: Unknown Pin: Pin R215-2
Add Pin To Net: Unknown Pin: Pin R216-1
Add Pin To Net: Unknown Pin: Pin R216-2
Add Pin To Net: Unknown Pin: Pin R217-1
Add Pin To Net: Unknown Pin: Pin R217-2
Add Pin To Net: Unknown Pin: Pin R218-1
Add Pin To Net: Unknown Pin: Pin R218-2
Add Pin To Net: Unknown Pin: Pin R220-1
Add Pin To Net: Unknown Pin: Pin R220-2
Add Pin To Net: Unknown Pin: Pin R221-1
Add Pin To Net: Unknown Pin: Pin R221-2
Add Pin To Net: Unknown Pin: Pin R222-1
Add Pin To Net: Unknown Pin: Pin R222-2
Add Pin To Net: Unknown Pin: Pin R223-1
Add Pin To Net: Unknown Pin: Pin R223-2
Add Pin To Net: Unknown Pin: Pin R224-1
Add Pin To Net: Unknown Pin: Pin R224-2
Add Pin To Net: Unknown Pin: Pin R225-1
Add Pin To Net: Unknown Pin: Pin R225-2
Add Pin To Net: Unknown Pin: Pin R226-1
Add Pin To Net: Unknown Pin: Pin R226-2
Add Pin To Net: Unknown Pin: Pin R228-1
Add Pin To Net: Unknown Pin: Pin R228-2
Add Pin To Net: Unknown Pin: Pin R229-1
Add Pin To Net: Unknown Pin: Pin R229-2
Add Pin To Net: Unknown Pin: Pin R230-1
Add Pin To Net: Unknown Pin: Pin R230-2
Add Pin To Net: Unknown Pin: Pin R231-1
Add Pin To Net: Unknown Pin: Pin R231-2
Add Pin To Net: Unknown Pin: Pin R232-1
Add Pin To Net: Unknown Pin: Pin R232-2
Add Pin To Net: Unknown Pin: Pin R233-1
Add Pin To Net: Unknown Pin: Pin R233-2
Add Pin To Net: Unknown Pin: Pin R234-1
Add Pin To Net: Unknown Pin: Pin R234-2
Add Pin To Net: Unknown Pin: Pin R236-1
Add Pin To Net: Unknown Pin: Pin R236-2
Add Pin To Net: Unknown Pin: Pin R237-1
Add Pin To Net: Unknown Pin: Pin R237-2
Add Pin To Net: Unknown Pin: Pin R238-1
Add Pin To Net: Unknown Pin: Pin R238-2
Add Pin To Net: Unknown Pin: Pin R239-1
Add Pin To Net: Unknown Pin: Pin R239-2
Add Pin To Net: Unknown Pin: Pin R240-1
Add Pin To Net: Unknown Pin: Pin R240-2
Add Pin To Net: Unknown Pin: Pin R241-1
Add Pin To Net: Unknown Pin: Pin R241-2
Add Pin To Net: Unknown Pin: Pin R242-1
Add Pin To Net: Unknown Pin: Pin R242-2
Add Pin To Net: Unknown Pin: Pin R244-1
Add Pin To Net: Unknown Pin: Pin R244-2
Add Pin To Net: Unknown Pin: Pin R245-1
Add Pin To Net: Unknown Pin: Pin R245-2
Add Pin To Net: Unknown Pin: Pin R246-1
Add Pin To Net: Unknown Pin: Pin R246-2
Add Pin To Net: Unknown Pin: Pin R247-1
Add Pin To Net: Unknown Pin: Pin R247-2
Add Pin To Net: Unknown Pin: Pin R300-1
Add Pin To Net: Unknown Pin: Pin R300-2
Add Pin To Net: Unknown Pin: Pin R300-3
Add Pin To Net: Unknown Pin: Pin R300-4
Add Pin To Net: Unknown Pin: Pin R300-5
Add Pin To Net: Unknown Pin: Pin R300-6
Add Pin To Net: Unknown Pin: Pin R300-7
Add Pin To Net: Unknown Pin: Pin R300-8
Add Pin To Net: Unknown Pin: Pin R301-1
Add Pin To Net: Unknown Pin: Pin R301-2
Add Pin To Net: Unknown Pin: Pin R301-3
Add Pin To Net: Unknown Pin: Pin R301-4
Add Pin To Net: Unknown Pin: Pin R301-5
Add Pin To Net: Unknown Pin: Pin R301-6
Add Pin To Net: Unknown Pin: Pin R301-7
Add Pin To Net: Unknown Pin: Pin R301-8
Add Pin To Net: Unknown Pin: Pin R302-1
Add Pin To Net: Unknown Pin: Pin R302-2
Add Pin To Net: Unknown Pin: Pin R303-1
Add Pin To Net: Unknown Pin: Pin R303-2
Add Pin To Net: Unknown Pin: Pin R303-3
Add Pin To Net: Unknown Pin: Pin R303-4
Add Pin To Net: Unknown Pin: Pin R303-5
Add Pin To Net: Unknown Pin: Pin R303-6
Add Pin To Net: Unknown Pin: Pin R303-7
Add Pin To Net: Unknown Pin: Pin R303-8
Add Pin To Net: Unknown Pin: Pin U101-1
Add Pin To Net: Unknown Pin: Pin U101-2
Add Pin To Net: Unknown Pin: Pin U101-3
Add Pin To Net: Unknown Pin: Pin U101-4
Add Pin To Net: Unknown Pin: Pin U101-5
Add Pin To Net: Unknown Pin: Pin U101-6
Add Pin To Net: Unknown Pin: Pin U102-1
Add Pin To Net: Unknown Pin: Pin U102-2
Add Pin To Net: Unknown Pin: Pin U102-3
Add Pin To Net: Unknown Pin: Pin U102-4
Add Pin To Net: Unknown Pin: Pin U200-1
Add Pin To Net: Unknown Pin: Pin U200-2
Add Pin To Net: Unknown Pin: Pin U200-3
Add Pin To Net: Unknown Pin: Pin U200-4
Add Pin To Net: Unknown Pin: Pin U200-5
Add Pin To Net: Unknown Pin: Pin U200-6
Add Pin To Net: Unknown Pin: Pin U200-7
Add Pin To Net: Unknown Pin: Pin U200-8
Add Pin To Net: Unknown Pin: Pin U200-9
Add Pin To Net: Unknown Pin: Pin U200-10
Add Pin To Net: Unknown Pin: Pin U200-11
Add Pin To Net: Unknown Pin: Pin U200-12
Add Pin To Net: Unknown Pin: Pin U200-13
Add Pin To Net: Unknown Pin: Pin U200-14
Add Pin To Net: Unknown Pin: Pin U201-1
Add Pin To Net: Unknown Pin: Pin U201-2
Add Pin To Net: Unknown Pin: Pin U201-3
Add Pin To Net: Unknown Pin: Pin U201-4
Add Pin To Net: Unknown Pin: Pin U201-5
Add Pin To Net: Unknown Pin: Pin U201-6
Add Pin To Net: Unknown Pin: Pin U201-7
Add Pin To Net: Unknown Pin: Pin U201-8
Add Pin To Net: Unknown Pin: Pin U201-9
Add Pin To Net: Unknown Pin: Pin U201-10
Add Pin To Net: Unknown Pin: Pin U201-11
Add Pin To Net: Unknown Pin: Pin U201-12
Add Pin To Net: Unknown Pin: Pin U201-13
Add Pin To Net: Unknown Pin: Pin U201-14
Add Pin To Net: Unknown Pin: Pin V200-1
Add Pin To Net: Unknown Pin: Pin V200-2
Add Pin To Net: Unknown Pin: Pin V200-3
Add Pin To Net: Unknown Pin: Pin V200-4
Add Pin To Net: Unknown Pin: Pin V200-5
Add Pin To Net: Unknown Pin: Pin V200-6
Add Pin To Net: Unknown Pin: Pin V200-7
Add Pin To Net: Unknown Pin: Pin V200-8
Add Pin To Net: Unknown Pin: Pin V201-1
Add Pin To Net: Unknown Pin: Pin V201-2
Add Pin To Net: Unknown Pin: Pin V201-3
Add Pin To Net: Unknown Pin: Pin V201-4
Add Pin To Net: Unknown Pin: Pin V201-5
Add Pin To Net: Unknown Pin: Pin V201-6
Add Pin To Net: Unknown Pin: Pin V201-7
Add Pin To Net: Unknown Pin: Pin V201-8
Add Pin To Net: Unknown Pin: Pin V202-1
Add Pin To Net: Unknown Pin: Pin V202-2
Add Pin To Net: Unknown Pin: Pin V202-3
Add Pin To Net: Unknown Pin: Pin V202-4
Add Pin To Net: Unknown Pin: Pin V202-5
Add Pin To Net: Unknown Pin: Pin V202-6
Add Pin To Net: Unknown Pin: Pin V202-7
Add Pin To Net: Unknown Pin: Pin V202-8
Add Pin To Net: Unknown Pin: Pin V203-1
Add Pin To Net: Unknown Pin: Pin V203-2
Add Pin To Net: Unknown Pin: Pin V203-3
Add Pin To Net: Unknown Pin: Pin V203-4
Add Pin To Net: Unknown Pin: Pin V203-5
Add Pin To Net: Unknown Pin: Pin V203-6
Add Pin To Net: Unknown Pin: Pin V203-7
Add Pin To Net: Unknown Pin: Pin V203-8
Add Pin To Net: Unknown Pin: Pin V204-1
Add Pin To Net: Unknown Pin: Pin V204-2
Add Pin To Net: Unknown Pin: Pin V204-3
Add Pin To Net: Unknown Pin: Pin V204-4
Add Pin To Net: Unknown Pin: Pin V204-5
Add Pin To Net: Unknown Pin: Pin V204-6
Add Pin To Net: Unknown Pin: Pin V204-7
Add Pin To Net: Unknown Pin: Pin V204-8
Add Pin To Net: Unknown Pin: Pin V205-1
Add Pin To Net: Unknown Pin: Pin V205-2
Add Pin To Net: Unknown Pin: Pin V205-3
Add Pin To Net: Unknown Pin: Pin V205-4
Add Pin To Net: Unknown Pin: Pin V205-5
Add Pin To Net: Unknown Pin: Pin V205-6
Add Pin To Net: Unknown Pin: Pin V205-7
Add Pin To Net: Unknown Pin: Pin V205-8
Change Net Name : Old Net Name=NetR104_1 New Net Name=NetJ202_1
Change Net Name : Old Net Name=NetR105_1 New Net Name=NetJ202_2
Added Pin To Net: NetName=NetJ201_7 Pin=J201-7
Added Pin To Net: NetName=NetJ201_7 Pin=J201-8
Added Net: Name=NetJ201_7
Added Pin To Net: NetName=NetJ202_5 Pin=J202-5
Added Net: Name=NetJ202_5
Added Pin To Net: NetName=NetJ202_6 Pin=J202-6
Added Net: Name=NetJ202_6
Added Pin To Net: NetName=NetJ202_7 Pin=J202-7
Added Net: Name=NetJ202_7
Added Pin To Net: NetName=NetJ202_8 Pin=J202-8
Added Pin To Net: NetName=NetJ202_8 Pin=R251-1
Added Net: Name=NetJ202_8
Added Pin To Net: NetName=NetR248_2 Pin=U100-19
Added Net: Name=NetR248_2
Added Pin To Net: NetName=NetR249_2 Pin=U100-20
Added Net: Name=NetR249_2
Added Pin To Net: NetName=NetR250_2 Pin=U100-27
Added Net: Name=NetR250_2
Added Pin To Net: NetName=NetR251_2 Pin=R251-2
Added Pin To Net: NetName=NetR251_2 Pin=U100-35
Added Net: Name=NetR251_2
Add Class Member: Failed to add class member : Component C107 10u/10V
Add Class Member: Failed to add class member : Component C200 470n
Add Class Member: Failed to add class member : Component C201 470n
Add Class Member: Failed to add class member : Component C202 470n
Add Class Member: Failed to add class member : Component C203 470n
Add Class Member: Failed to add class member : Component C204 470n
Add Class Member: Failed to add class member : Component C205 470n
Add Class Member: Failed to add class member : Component C206 470n
Add Class Member: Failed to add class member : Component C207 470n
Add Class Member: Failed to add class member : Component C208 470n
Add Class Member: Failed to add class member : Component C209 470n
Add Class Member: Failed to add class member : Component C210 470n
Add Class Member: Failed to add class member : Component C211 470n
Add Class Member: Failed to add class member : Component D200 SMBJ20A-TR
Add Class Member: Failed to add class member : Component D201 BAS316
Add Class Member: Failed to add class member : Component D202 SMBJ20A-TR
Add Class Member: Failed to add class member : Component D203 BAS316
Add Class Member: Failed to add class member : Component D204 SMBJ20A-TR
Add Class Member: Failed to add class member : Component D205 BAS316
Add Class Member: Failed to add class member : Component D206 SMBJ20A-TR
Add Class Member: Failed to add class member : Component D207 BAS316
Add Class Member: Failed to add class member : Component D208 SMBJ20A-TR
Add Class Member: Failed to add class member : Component D209 BAS316
Add Class Member: Failed to add class member : Component D210 SMBJ20A-TR
Add Class Member: Failed to add class member : Component D211 BAS316
Add Class Member: Failed to add class member : Component D212 SMBJ20A-TR
Add Class Member: Failed to add class member : Component D213 BAS316
Add Class Member: Failed to add class member : Component D214 SMBJ20A-TR
Add Class Member: Failed to add class member : Component D215 BAS316
Add Class Member: Failed to add class member : Component D216 SMBJ20A-TR
Add Class Member: Failed to add class member : Component D217 BAS316
Add Class Member: Failed to add class member : Component D218 SMBJ20A-TR
Add Class Member: Failed to add class member : Component D219 BAS316
Add Class Member: Failed to add class member : Component D220 SMBJ20A-TR
Add Class Member: Failed to add class member : Component D221 BAS316
Add Class Member: Failed to add class member : Component D222 SMBJ20A-TR
Add Class Member: Failed to add class member : Component D223 BAS316
Add Class Member: Failed to add class member : Component L102 ASPI-4020S-3R3M-T
Add Class Member: Failed to add class member : Component R100 31k6
Add Class Member: Failed to add class member : Component R101 47k
Add Class Member: Failed to add class member : Component R200 1k0
Add Class Member: Failed to add class member : Component R201 3k3
Add Class Member: Failed to add class member : Component R202 3k3
Add Class Member: Failed to add class member : Component R204 1k0
Add Class Member: Failed to add class member : Component R205 3k3
Add Class Member: Failed to add class member : Component R206 560R
Add Class Member: Failed to add class member : Component R207 3k3
Add Class Member: Failed to add class member : Component R208 1k0
Add Class Member: Failed to add class member : Component R209 3k3
Add Class Member: Failed to add class member : Component R210 3k3
Add Class Member: Failed to add class member : Component R212 1k0
Add Class Member: Failed to add class member : Component R213 3k3
Add Class Member: Failed to add class member : Component R214 560R
Add Class Member: Failed to add class member : Component R215 3k3
Add Class Member: Failed to add class member : Component R216 1k0
Add Class Member: Failed to add class member : Component R217 3k3
Add Class Member: Failed to add class member : Component R218 3k3
Add Class Member: Failed to add class member : Component R220 1k0
Add Class Member: Failed to add class member : Component R221 3k3
Add Class Member: Failed to add class member : Component R222 560R
Add Class Member: Failed to add class member : Component R223 3k3
Add Class Member: Failed to add class member : Component R224 1k0
Add Class Member: Failed to add class member : Component R225 3k3
Add Class Member: Failed to add class member : Component R226 3k3
Add Class Member: Failed to add class member : Component R228 1k0
Add Class Member: Failed to add class member : Component R229 3k3
Add Class Member: Failed to add class member : Component R230 560R
Add Class Member: Failed to add class member : Component R231 3k3
Add Class Member: Failed to add class member : Component R232 1k0
Add Class Member: Failed to add class member : Component R233 3k3
Add Class Member: Failed to add class member : Component R234 3k3
Add Class Member: Failed to add class member : Component R236 1k0
Add Class Member: Failed to add class member : Component R237 3k3
Add Class Member: Failed to add class member : Component R238 560R
Add Class Member: Failed to add class member : Component R239 3k3
Add Class Member: Failed to add class member : Component R240 1k0
Add Class Member: Failed to add class member : Component R241 3k3
Add Class Member: Failed to add class member : Component R242 3k3
Add Class Member: Failed to add class member : Component R244 1k0
Add Class Member: Failed to add class member : Component R245 3k3
Add Class Member: Failed to add class member : Component R246 560R
Add Class Member: Failed to add class member : Component R247 3k3
Add Class Member: Failed to add class member : Component R248 3k3
Add Class Member: Failed to add class member : Component R249 3k3
Add Class Member: Failed to add class member : Component R250 3k3
Add Class Member: Failed to add class member : Component R300 4k7
Add Class Member: Failed to add class member : Component R301 4k7
Add Class Member: Failed to add class member : Component R302 1k0
Add Class Member: Failed to add class member : Component R303 4k7
Added Member To Class: ClassName=HS-IO ESP32 Member=Component U100 ESP32-S3-WROOM-1-N16R8
Add Class Member: Failed to add class member : Component U101 AP62200WU-7
Add Class Member: Failed to add class member : Component U102 SL4U-1205
Add Class Member: Failed to add class member : Component U200 SN74HCT14DR
Add Class Member: Failed to add class member : Component U201 SN74HCT14DR
Add Class Member: Failed to add class member : Component V200 ILD213T
Add Class Member: Failed to add class member : Component V201 ILD213T
Add Class Member: Failed to add class member : Component V202 ILD213T
Add Class Member: Failed to add class member : Component V203 ILD213T
Add Class Member: Failed to add class member : Component V204 ILD213T
Add Class Member: Failed to add class member : Component V205 ILD213T
