Change Component Designator: Old Designator=C1 New Designator=C200
Change Component Designator: Old Designator=C2 New Designator=C201
Change Component Designator: Old Designator=C9 New Designator=C202
Change Component Designator: Old Designator=C10 New Designator=C203
Change Component Designator: Old Designator=C11 New Designator=C204
Change Component Designator: Old Designator=C12 New Designator=C205
Change Component Designator: Old Designator=C13 New Designator=C206
Change Component Designator: Old Designator=C14 New Designator=C207
Change Component Designator: Old Designator=C15 New Designator=C208
Change Component Designator: Old Designator=C16 New Designator=C209
Change Component Designator: Old Designator=C17 New Designator=C210
Change Component Designator: Old Designator=C18 New Designator=C211
Change Component Designator: Old Designator=C19 New Designator=C212
Change Component Designator: Old Designator=C20 New Designator=C213
Change Component Designator: Old Designator=C21 New Designator=C214
Change Component Designator: Old Designator=C22 New Designator=C215
Change Component Designator: Old Designator=D1 New Designator=D200
Change Component Designator: Old Designator=D2 New Designator=D201
Change Component Designator: Old Designator=D3 New Designator=D202
Change Component Designator: Old Designator=D4 New Designator=D203
Change Component Designator: Old Designator=D5 New Designator=D204
Change Component Designator: Old Designator=D6 New Designator=D205
Change Component Designator: Old Designator=D7 New Designator=D206
Change Component Designator: Old Designator=D8 New Designator=D207
Change Component Designator: Old Designator=D9 New Designator=D208
Change Component Designator: Old Designator=D10 New Designator=D209
Change Component Designator: Old Designator=D11 New Designator=D210
Change Component Designator: Old Designator=D12 New Designator=D211
Change Component Designator: Old Designator=D13 New Designator=D212
Change Component Designator: Old Designator=D14 New Designator=D213
Change Component Designator: Old Designator=D15 New Designator=D214
Change Component Designator: Old Designator=D16 New Designator=D215
Change Component Designator: Old Designator=D17 New Designator=D216
Change Component Designator: Old Designator=D18 New Designator=D217
Change Component Designator: Old Designator=D19 New Designator=D218
Change Component Designator: Old Designator=D20 New Designator=D219
Change Component Designator: Old Designator=D21 New Designator=D220
Change Component Designator: Old Designator=D22 New Designator=D221
Change Component Designator: Old Designator=D23 New Designator=D222
Change Component Designator: Old Designator=D24 New Designator=D223
Change Component Designator: Old Designator=D25 New Designator=D224
Change Component Designator: Old Designator=D26 New Designator=D225
Change Component Designator: Old Designator=D27 New Designator=D226
Change Component Designator: Old Designator=D28 New Designator=D227
Change Component Designator: Old Designator=D29 New Designator=D228
Change Component Designator: Old Designator=D30 New Designator=D229
Change Component Designator: Old Designator=D31 New Designator=D230
Change Component Designator: Old Designator=D32 New Designator=D231
Change Component Designator: Old Designator=J1 New Designator=J200
Change Component Designator: Old Designator=J2 New Designator=J201
Change Component Designator: Old Designator=J3 New Designator=J202
Change Component Designator: Old Designator=L1 New Designator=L200
Change Component Designator: Old Designator=L2 New Designator=L201
Change Component Designator: Old Designator=L6 New Designator=L202
Change Component Designator: Old Designator=L7 New Designator=L203
Change Component Designator: Old Designator=L8 New Designator=L204
Change Component Designator: Old Designator=L9 New Designator=L205
Change Component Designator: Old Designator=L10 New Designator=L206
Change Component Designator: Old Designator=L11 New Designator=L207
Change Component Designator: Old Designator=L12 New Designator=L208
Change Component Designator: Old Designator=L13 New Designator=L209
Change Component Designator: Old Designator=L14 New Designator=L210
Change Component Designator: Old Designator=L15 New Designator=L211
Change Component Designator: Old Designator=L16 New Designator=L212
Change Component Designator: Old Designator=L17 New Designator=L213
Change Component Designator: Old Designator=L18 New Designator=L214
Change Component Designator: Old Designator=L19 New Designator=L215
Change Component Designator: Old Designator=R1 New Designator=R200
Change Component Designator: Old Designator=R2 New Designator=R202
Change Component Designator: Old Designator=R3 New Designator=R201
Change Component Designator: Old Designator=R4 New Designator=R203
Change Component Designator: Old Designator=R5 New Designator=R204
Change Component Designator: Old Designator=R6 New Designator=R205
Change Component Designator: Old Designator=R7 New Designator=R207
Change Component Designator: Old Designator=R8 New Designator=R206
Change Component Designator: Old Designator=R12 New Designator=R208
Change Component Designator: Old Designator=R13 New Designator=R209
Change Component Designator: Old Designator=R14 New Designator=R210
Change Component Designator: Old Designator=R15 New Designator=R211
Change Component Designator: Old Designator=R16 New Designator=R212
Change Component Designator: Old Designator=R17 New Designator=R213
Change Component Designator: Old Designator=R18 New Designator=R214
Change Component Designator: Old Designator=R19 New Designator=R215
Change Component Designator: Old Designator=R20 New Designator=R216
Change Component Designator: Old Designator=R21 New Designator=R217
Change Component Designator: Old Designator=R22 New Designator=R218
Change Component Designator: Old Designator=R23 New Designator=R219
Change Component Designator: Old Designator=R24 New Designator=R220
Change Component Designator: Old Designator=R25 New Designator=R221
Change Component Designator: Old Designator=R26 New Designator=R222
Change Component Designator: Old Designator=R27 New Designator=R223
Change Component Designator: Old Designator=R28 New Designator=R224
Change Component Designator: Old Designator=R29 New Designator=R225
Change Component Designator: Old Designator=R30 New Designator=R226
Change Component Designator: Old Designator=R31 New Designator=R227
Change Component Designator: Old Designator=R32 New Designator=R228
Change Component Designator: Old Designator=R33 New Designator=R229
Change Component Designator: Old Designator=R34 New Designator=R230
Change Component Designator: Old Designator=R35 New Designator=R231
Change Component Designator: Old Designator=R36 New Designator=R232
Change Component Designator: Old Designator=R37 New Designator=R233
Change Component Designator: Old Designator=R38 New Designator=R234
Change Component Designator: Old Designator=R39 New Designator=R235
Change Component Designator: Old Designator=R40 New Designator=R236
Change Component Designator: Old Designator=R41 New Designator=R237
Change Component Designator: Old Designator=R42 New Designator=R238
Change Component Designator: Old Designator=R43 New Designator=R239
Change Component Designator: Old Designator=R44 New Designator=R240
Change Component Designator: Old Designator=R45 New Designator=R241
Change Component Designator: Old Designator=R46 New Designator=R242
Change Component Designator: Old Designator=R47 New Designator=R243
Change Component Designator: Old Designator=R48 New Designator=R244
Change Component Designator: Old Designator=R49 New Designator=R245
Change Component Designator: Old Designator=R50 New Designator=R246
Change Component Designator: Old Designator=R51 New Designator=R247
Change Component Designator: Old Designator=R52 New Designator=R248
Change Component Designator: Old Designator=R53 New Designator=R249
Change Component Designator: Old Designator=R54 New Designator=R250
Change Component Designator: Old Designator=R55 New Designator=R251
Change Component Designator: Old Designator=R56 New Designator=R252
Change Component Designator: Old Designator=R57 New Designator=R253
Change Component Designator: Old Designator=R58 New Designator=R254
Change Component Designator: Old Designator=R59 New Designator=R255
Change Component Designator: Old Designator=R60 New Designator=R256
Change Component Designator: Old Designator=R61 New Designator=R257
Change Component Designator: Old Designator=R62 New Designator=R258
Change Component Designator: Old Designator=R63 New Designator=R259
Change Component Designator: Old Designator=R64 New Designator=R260
Change Component Designator: Old Designator=R65 New Designator=R261
Change Component Designator: Old Designator=R66 New Designator=R262
Change Component Designator: Old Designator=R67 New Designator=R263
Change Component Designator: Old Designator=U1 New Designator=U200
Change Component Designator: Old Designator=U1 New Designator=U200
Change Component Designator: Old Designator=U1 New Designator=U200
Change Component Designator: Old Designator=U3 New Designator=U201
Change Component Designator: Old Designator=U3 New Designator=U201
Change Component Designator: Old Designator=U3 New Designator=U200
Change Component Designator: Old Designator=U3 New Designator=U200
Change Component Designator: Old Designator=U3 New Designator=U200
Change Component Designator: Old Designator=U3 New Designator=U200
Change Component Designator: Old Designator=U3 New Designator=U201
Change Component Designator: Old Designator=U4 New Designator=U202
Change Component Designator: Old Designator=U4 New Designator=U202
Change Component Designator: Old Designator=U4 New Designator=U201
Change Component Designator: Old Designator=U4 New Designator=U201
Change Component Designator: Old Designator=U4 New Designator=U201
Change Component Designator: Old Designator=U4 New Designator=U201
Change Component Designator: Old Designator=U4 New Designator=U202
Change Component Designator: Old Designator=U5 New Designator=U202
Change Component Designator: Old Designator=U5 New Designator=U202
Change Component Designator: Old Designator=V1 New Designator=V200
Change Component Designator: Old Designator=V2 New Designator=V201
Change Component Designator: Old Designator=V3 New Designator=V202
Change Component Designator: Old Designator=V4 New Designator=V203
Change Component Designator: Old Designator=V5 New Designator=V204
Change Component Designator: Old Designator=V6 New Designator=V205
Change Component Designator: Old Designator=V7 New Designator=V206
Change Component Designator: Old Designator=V8 New Designator=V207
