Update Managed Component 100 From CMP-029-000001-1[TESTPUNKT_1] To CMP-029-000001-1[TESTPUNKT_1] in HS-IO ESP32.SchDoc
Update Managed Component C100 From CMP-018-000010-5[SMD_0603_100n_1] To CMP-018-000010-5[SMD_0603_100n_1] in HS-IO ESP32.SchDoc
Update Managed Component C101 From CMP-018-000010-5[100n] To CMP-018-000010-5[SMD_0603_100n_1] in HS-IO ESP32.SchDoc
Update Managed Component C102 From CMP-001-00009-1[47uF] To CMP-001-00009-1[875105142001] in HS-IO ESP32.SchDoc
Update Managed Component C103 From CMP-046-000011-6[10n] To CMP-046-000011-6[C-10N/50V_SMD-0603_X7R] in HS-IO ESP32.SchDoc
Update Managed Component C104 From CMP-018-000010-5[100n] To CMP-018-000010-5[SMD_0603_100n_1] in HS-IO ESP32.SchDoc
Update Managed Component C105 From CMP-046-000013-5[10u/35V] To CMP-046-000013-5[C-10U/35V_SMD-1206_X7R] in HS-IO ESP32.SchDoc
Update Managed Component C106 From CMP-018-000010-5[100n] To CMP-018-000010-5[SMD_0603_100n_1] in HS-IO ESP32.SchDoc
Update Managed Component C108 From CMP-018-000010-5[100n] To CMP-018-000010-5[SMD_0603_100n_1] in HS-IO ESP32.SchDoc
Update Managed Component C109 From CMP-046-000011-6[10n] To CMP-046-000011-6[C-10N/50V_SMD-0603_X7R] in HS-IO ESP32.SchDoc
Update Managed Component C110 From CMP-001-00069-1[4700p] To CMP-001-00069-1[SMD_1206_4700p_1000V] in HS-IO ESP32.SchDoc
Update Managed Component C111 From CMP-066-000007-6[C-10U/10V_SMD-0603_X5R] To CMP-066-000007-6[C-10U/10V_SMD-0603_X5R] in HS-IO ESP32.SchDoc
Update Managed Component C112 From CMP-066-000010-4[C-100N/50V_SMD-0603_X7R] To CMP-066-000010-4[C-100N/50V_SMD-0603_X7R] in HS-IO ESP32.SchDoc
Update Managed Component Gnd100 From CMP-029-000001-1[Gnd] To CMP-029-000001-1[TESTPUNKT_1] in HS-IO ESP32.SchDoc
Update Managed Component Gnd101 From CMP-029-000001-1[Gnd] To CMP-029-000001-1[TESTPUNKT_1] in HS-IO ESP32.SchDoc
Update Managed Component Gnd102 From CMP-029-000001-1[Gnd] To CMP-029-000001-1[TESTPUNKT_1] in HS-IO ESP32.SchDoc
Update Managed Component L100 From CMP-006-00001-3[BMC-Q1JY0600H] To CMP-006-00001-3[BMC-Q1JY0600H] in HS-IO ESP32.SchDoc
Update Managed Component L101 From CMP-006-00001-3[BMC-Q1JY0600H] To CMP-006-00001-3[BMC-Q1JY0600H] in HS-IO ESP32.SchDoc
Update Managed Component L103 From CMP-006-00002-1[742792651] To CMP-006-00002-1[742792651] in HS-IO ESP32.SchDoc
Update Managed Component P100 From CMP-029-000001-1[TESTPUNKT_1] To CMP-029-000001-1[TESTPUNKT_1] in HS-IO ESP32.SchDoc
Update Managed Component PGnd100 From CMP-029-000001-1[TESTPUNKT_1] To CMP-029-000001-1[TESTPUNKT_1] in HS-IO ESP32.SchDoc
Update Managed Component R102 From CMP-027-000005-4[10K] To CMP-027-000005-4[S0603_10k_1] in HS-IO ESP32.SchDoc
Update Managed Component R103 From CMP-027-000017-2[4k7] To CMP-027-000017-2[S0603_4k7_1] in HS-IO ESP32.SchDoc
Update Managed Component R104 From CMP-038-000005-4[4k7] To CMP-038-000005-4[S0603_4k7_1] in HS-IO ESP32.SchDoc
Update Managed Component R105 From CMP-038-000005-4[4k7] To CMP-038-000005-4[S0603_4k7_1] in HS-IO ESP32.SchDoc
Update Managed Component S100 From CMP-074-000000-1[430182050816] To CMP-074-000000-1[430182050816] in HS-IO ESP32.SchDoc
Update Managed Component U100 From CMP-020-00001-3[ESP32-S3-WROOM-1-N16R8] To CMP-020-00001-3[ESP32-S3-WROOM-1-N16R8] in HS-IO ESP32.SchDoc
