Change Footprint: Footprint Not Found CR1608-0603
Add component: Footprint Not Found TA-C
Add component: Footprint Not Found CC1608-0603
Add component: Footprint Not Found CC1608-0603
Add component: Footprint Not Found CC1608-0603
Add component: Footprint Not Found CC1608-0603
Add component: Footprint Not Found CC1608-0603
Add component: Footprint Not Found CC1608-0603
Add component: Footprint Not Found CC1608-0603
Add component: Footprint Not Found CC1608-0603
Add component: Footprint Not Found CC1608-0603
Add component: Footprint Not Found CC1608-0603
Add component: Footprint Not Found CC1608-0603
Add component: Footprint Not Found CC1608-0603
Add component: Footprint Not Found SMB
Add component: Footprint Not Found SOD323F
Add component: Footprint Not Found SMB
Add component: Footprint Not Found SOD323F
Add component: Footprint Not Found SMB
Add component: Footprint Not Found SOD323F
Add component: Footprint Not Found SMB
Add component: Footprint Not Found SOD323F
Add component: Footprint Not Found SMB
Add component: Footprint Not Found SOD323F
Add component: Footprint Not Found SMB
Add component: Footprint Not Found SOD323F
Add component: Footprint Not Found SMB
Add component: Footprint Not Found SOD323F
Add component: Footprint Not Found SMB
Add component: Footprint Not Found SOD323F
Add component: Footprint Not Found SMB
Add component: Footprint Not Found SOD323F
Add component: Footprint Not Found SMB
Add component: Footprint Not Found SOD323F
Add component: Footprint Not Found SMB
Add component: Footprint Not Found SOD323F
Add component: Footprint Not Found SMB
Add component: Footprint Not Found SOD323F
Add component: Footprint Not Found ASPI-4020S
Add component: Footprint Not Found CR1608-0603
Add component: Footprint Not Found CR1608-0603
Add component: Footprint Not Found CR1608-0603
Add component: Footprint Not Found CR1608-0603
Add component: Footprint Not Found CR1608-0603
Add component: Footprint Not Found CR1608-0603
Add component: Footprint Not Found CR1608-0603
Add component: Footprint Not Found CR1608-0603
Add component: Footprint Not Found CR1608-0603
Add component: Footprint Not Found CR1608-0603
Add component: Footprint Not Found CR1608-0603
Add component: Footprint Not Found CR1608-0603
Add component: Footprint Not Found CR1608-0603
Add component: Footprint Not Found CR1608-0603
Add component: Footprint Not Found CR1608-0603
Add component: Footprint Not Found CR1608-0603
Add component: Footprint Not Found CR1608-0603
Add component: Footprint Not Found CR1608-0603
Add component: Footprint Not Found CR1608-0603
Add component: Footprint Not Found CR1608-0603
Add component: Footprint Not Found CR1608-0603
Add component: Footprint Not Found CR1608-0603
Add component: Footprint Not Found CR1608-0603
Add component: Footprint Not Found CR1608-0603
Add component: Footprint Not Found CR1608-0603
Add component: Footprint Not Found CR1608-0603
Add component: Footprint Not Found CR1608-0603
Add component: Footprint Not Found CR1608-0603
Add component: Footprint Not Found CR1608-0603
Add component: Footprint Not Found CR1608-0603
Add component: Footprint Not Found CR1608-0603
Add component: Footprint Not Found CR1608-0603
Add component: Footprint Not Found CR1608-0603
Add component: Footprint Not Found CR1608-0603
Add component: Footprint Not Found CR1608-0603
Add component: Footprint Not Found CR1608-0603
Add component: Footprint Not Found CR1608-0603
Add component: Footprint Not Found CR1608-0603
Add component: Footprint Not Found CR1608-0603
Add component: Footprint Not Found CR1608-0603
Add component: Footprint Not Found CR1608-0603
Add component: Footprint Not Found CR1608-0603
Add component: Footprint Not Found CR1608-0603
Add component: Footprint Not Found CR1608-0603
Add component: Footprint Not Found CR1608-0603
Add component: Footprint Not Found CR1608-0603
Add component: Footprint Not Found CR1608-0603
Add component: Footprint Not Found ARV241
Add component: Footprint Not Found ARV241
Add component: Footprint Not Found CR1608-0603
Add component: Footprint Not Found ARV241
Add component: Footprint Not Found SOT95P280X100-6N
Add component: Footprint Not Found SIP4_6mm
Add component: Footprint Not Found SO14
Add component: Footprint Not Found SO14
Add component: Footprint Not Found SOIC8
Add component: Footprint Not Found SOIC8
Add component: Footprint Not Found SOIC8
Add component: Footprint Not Found SOIC8
Add component: Footprint Not Found SOIC8
Add component: Footprint Not Found SOIC8
Add Pin To Net: Unknown Pin: Pin C107-1
Add Pin To Net: Unknown Pin: Pin C107-2
Add Pin To Net: Unknown Pin: Pin C200-1
Add Pin To Net: Unknown Pin: Pin C200-2
Add Pin To Net: Unknown Pin: Pin C201-1
Add Pin To Net: Unknown Pin: Pin C201-2
Add Pin To Net: Unknown Pin: Pin C202-1
Add Pin To Net: Unknown Pin: Pin C202-2
Add Pin To Net: Unknown Pin: Pin C203-1
Add Pin To Net: Unknown Pin: Pin C203-2
Add Pin To Net: Unknown Pin: Pin C204-1
Add Pin To Net: Unknown Pin: Pin C204-2
Add Pin To Net: Unknown Pin: Pin C205-1
Add Pin To Net: Unknown Pin: Pin C205-2
Add Pin To Net: Unknown Pin: Pin C206-1
Add Pin To Net: Unknown Pin: Pin C206-2
Add Pin To Net: Unknown Pin: Pin C207-1
Add Pin To Net: Unknown Pin: Pin C207-2
Add Pin To Net: Unknown Pin: Pin C208-1
Add Pin To Net: Unknown Pin: Pin C208-2
Add Pin To Net: Unknown Pin: Pin C209-1
Add Pin To Net: Unknown Pin: Pin C209-2
Add Pin To Net: Unknown Pin: Pin C210-1
Add Pin To Net: Unknown Pin: Pin C210-2
Add Pin To Net: Unknown Pin: Pin C211-1
Add Pin To Net: Unknown Pin: Pin C211-2
Add Pin To Net: Unknown Pin: Pin D200-1
Add Pin To Net: Unknown Pin: Pin D200-2
Add Pin To Net: Unknown Pin: Pin D201-1
Add Pin To Net: Unknown Pin: Pin D201-2
Add Pin To Net: Unknown Pin: Pin D202-1
Add Pin To Net: Unknown Pin: Pin D202-2
Add Pin To Net: Unknown Pin: Pin D203-1
Add Pin To Net: Unknown Pin: Pin D203-2
Add Pin To Net: Unknown Pin: Pin D204-1
Add Pin To Net: Unknown Pin: Pin D204-2
Add Pin To Net: Unknown Pin: Pin D205-1
Add Pin To Net: Unknown Pin: Pin D205-2
Add Pin To Net: Unknown Pin: Pin D206-1
Add Pin To Net: Unknown Pin: Pin D206-2
Add Pin To Net: Unknown Pin: Pin D207-1
Add Pin To Net: Unknown Pin: Pin D207-2
Add Pin To Net: Unknown Pin: Pin D208-1
Add Pin To Net: Unknown Pin: Pin D208-2
Add Pin To Net: Unknown Pin: Pin D209-1
Add Pin To Net: Unknown Pin: Pin D209-2
Add Pin To Net: Unknown Pin: Pin D210-1
Add Pin To Net: Unknown Pin: Pin D210-2
Add Pin To Net: Unknown Pin: Pin D211-1
Add Pin To Net: Unknown Pin: Pin D211-2
Add Pin To Net: Unknown Pin: Pin D212-1
Add Pin To Net: Unknown Pin: Pin D212-2
Add Pin To Net: Unknown Pin: Pin D213-1
Add Pin To Net: Unknown Pin: Pin D213-2
Add Pin To Net: Unknown Pin: Pin D214-1
Add Pin To Net: Unknown Pin: Pin D214-2
Add Pin To Net: Unknown Pin: Pin D215-1
Add Pin To Net: Unknown Pin: Pin D215-2
Add Pin To Net: Unknown Pin: Pin D216-1
Add Pin To Net: Unknown Pin: Pin D216-2
Add Pin To Net: Unknown Pin: Pin D217-1
Add Pin To Net: Unknown Pin: Pin D217-2
Add Pin To Net: Unknown Pin: Pin D218-1
Add Pin To Net: Unknown Pin: Pin D218-2
Add Pin To Net: Unknown Pin: Pin D219-1
Add Pin To Net: Unknown Pin: Pin D219-2
Add Pin To Net: Unknown Pin: Pin D220-1
Add Pin To Net: Unknown Pin: Pin D220-2
Add Pin To Net: Unknown Pin: Pin D221-1
Add Pin To Net: Unknown Pin: Pin D221-2
Add Pin To Net: Unknown Pin: Pin D222-1
Add Pin To Net: Unknown Pin: Pin D222-2
Add Pin To Net: Unknown Pin: Pin D223-1
Add Pin To Net: Unknown Pin: Pin D223-2
Add Pin To Net: Unknown Pin: Pin L102-1
Add Pin To Net: Unknown Pin: Pin L102-2
Add Pin To Net: Unknown Pin: Pin R100-1
Add Pin To Net: Unknown Pin: Pin R100-2
Add Pin To Net: Unknown Pin: Pin R101-1
Add Pin To Net: Unknown Pin: Pin R101-2
Add Pin To Net: Unknown Pin: Pin R200-1
Add Pin To Net: Unknown Pin: Pin R200-2
Add Pin To Net: Unknown Pin: Pin R201-1
Add Pin To Net: Unknown Pin: Pin R201-2
Add Pin To Net: Unknown Pin: Pin R202-1
Add Pin To Net: Unknown Pin: Pin R202-2
Add Pin To Net: Unknown Pin: Pin R204-1
Add Pin To Net: Unknown Pin: Pin R204-2
Add Pin To Net: Unknown Pin: Pin R205-1
Add Pin To Net: Unknown Pin: Pin R205-2
Add Pin To Net: Unknown Pin: Pin R206-1
Add Pin To Net: Unknown Pin: Pin R206-2
Add Pin To Net: Unknown Pin: Pin R207-1
Add Pin To Net: Unknown Pin: Pin R207-2
Add Pin To Net: Unknown Pin: Pin R208-1
Add Pin To Net: Unknown Pin: Pin R208-2
Add Pin To Net: Unknown Pin: Pin R209-1
Add Pin To Net: Unknown Pin: Pin R209-2
Add Pin To Net: Unknown Pin: Pin R210-1
Add Pin To Net: Unknown Pin: Pin R210-2
Add Pin To Net: Unknown Pin: Pin R212-1
Add Pin To Net: Unknown Pin: Pin R212-2
Add Pin To Net: Unknown Pin: Pin R213-1
Add Pin To Net: Unknown Pin: Pin R213-2
Add Pin To Net: Unknown Pin: Pin R214-1
Add Pin To Net: Unknown Pin: Pin R214-2
Add Pin To Net: Unknown Pin: Pin R215-1
Add Pin To Net: Unknown Pin: Pin R215-2
Add Pin To Net: Unknown Pin: Pin R216-1
Add Pin To Net: Unknown Pin: Pin R216-2
Add Pin To Net: Unknown Pin: Pin R217-1
Add Pin To Net: Unknown Pin: Pin R217-2
Add Pin To Net: Unknown Pin: Pin R218-1
Add Pin To Net: Unknown Pin: Pin R218-2
Add Pin To Net: Unknown Pin: Pin R220-1
Add Pin To Net: Unknown Pin: Pin R220-2
Add Pin To Net: Unknown Pin: Pin R221-1
Add Pin To Net: Unknown Pin: Pin R221-2
Add Pin To Net: Unknown Pin: Pin R222-1
Add Pin To Net: Unknown Pin: Pin R222-2
Add Pin To Net: Unknown Pin: Pin R223-1
Add Pin To Net: Unknown Pin: Pin R223-2
Add Pin To Net: Unknown Pin: Pin R224-1
Add Pin To Net: Unknown Pin: Pin R224-2
Add Pin To Net: Unknown Pin: Pin R225-1
Add Pin To Net: Unknown Pin: Pin R225-2
Add Pin To Net: Unknown Pin: Pin R226-1
Add Pin To Net: Unknown Pin: Pin R226-2
Add Pin To Net: Unknown Pin: Pin R228-1
Add Pin To Net: Unknown Pin: Pin R228-2
Add Pin To Net: Unknown Pin: Pin R229-1
Add Pin To Net: Unknown Pin: Pin R229-2
Add Pin To Net: Unknown Pin: Pin R230-1
Add Pin To Net: Unknown Pin: Pin R230-2
Add Pin To Net: Unknown Pin: Pin R231-1
Add Pin To Net: Unknown Pin: Pin R231-2
Add Pin To Net: Unknown Pin: Pin R232-1
Add Pin To Net: Unknown Pin: Pin R232-2
Add Pin To Net: Unknown Pin: Pin R233-1
Add Pin To Net: Unknown Pin: Pin R233-2
Add Pin To Net: Unknown Pin: Pin R234-1
Add Pin To Net: Unknown Pin: Pin R234-2
Add Pin To Net: Unknown Pin: Pin R236-1
Add Pin To Net: Unknown Pin: Pin R236-2
Add Pin To Net: Unknown Pin: Pin R237-1
Add Pin To Net: Unknown Pin: Pin R237-2
Add Pin To Net: Unknown Pin: Pin R238-1
Add Pin To Net: Unknown Pin: Pin R238-2
Add Pin To Net: Unknown Pin: Pin R239-1
Add Pin To Net: Unknown Pin: Pin R239-2
Add Pin To Net: Unknown Pin: Pin R240-1
Add Pin To Net: Unknown Pin: Pin R240-2
Add Pin To Net: Unknown Pin: Pin R241-1
Add Pin To Net: Unknown Pin: Pin R241-2
Add Pin To Net: Unknown Pin: Pin R242-1
Add Pin To Net: Unknown Pin: Pin R242-2
Add Pin To Net: Unknown Pin: Pin R244-1
Add Pin To Net: Unknown Pin: Pin R244-2
Add Pin To Net: Unknown Pin: Pin R245-1
Add Pin To Net: Unknown Pin: Pin R245-2
Add Pin To Net: Unknown Pin: Pin R246-1
Add Pin To Net: Unknown Pin: Pin R246-2
Add Pin To Net: Unknown Pin: Pin R247-1
Add Pin To Net: Unknown Pin: Pin R247-2
Add Pin To Net: Unknown Pin: Pin R248-1
Add Pin To Net: Unknown Pin: Pin R248-2
Add Pin To Net: Unknown Pin: Pin R249-1
Add Pin To Net: Unknown Pin: Pin R249-2
Add Pin To Net: Unknown Pin: Pin R250-1
Add Pin To Net: Unknown Pin: Pin R250-2
Add Pin To Net: Unknown Pin: Pin R300-1
Add Pin To Net: Unknown Pin: Pin R300-2
Add Pin To Net: Unknown Pin: Pin R300-3
Add Pin To Net: Unknown Pin: Pin R300-4
Add Pin To Net: Unknown Pin: Pin R300-5
Add Pin To Net: Unknown Pin: Pin R300-6
Add Pin To Net: Unknown Pin: Pin R300-7
Add Pin To Net: Unknown Pin: Pin R300-8
Add Pin To Net: Unknown Pin: Pin R301-1
Add Pin To Net: Unknown Pin: Pin R301-2
Add Pin To Net: Unknown Pin: Pin R301-3
Add Pin To Net: Unknown Pin: Pin R301-4
Add Pin To Net: Unknown Pin: Pin R301-5
Add Pin To Net: Unknown Pin: Pin R301-6
Add Pin To Net: Unknown Pin: Pin R301-7
Add Pin To Net: Unknown Pin: Pin R301-8
Add Pin To Net: Unknown Pin: Pin R302-1
Add Pin To Net: Unknown Pin: Pin R302-2
Add Pin To Net: Unknown Pin: Pin R303-1
Add Pin To Net: Unknown Pin: Pin R303-2
Add Pin To Net: Unknown Pin: Pin R303-3
Add Pin To Net: Unknown Pin: Pin R303-4
Add Pin To Net: Unknown Pin: Pin R303-5
Add Pin To Net: Unknown Pin: Pin R303-6
Add Pin To Net: Unknown Pin: Pin R303-7
Add Pin To Net: Unknown Pin: Pin R303-8
Add Pin To Net: Unknown Pin: Pin U101-1
Add Pin To Net: Unknown Pin: Pin U101-2
Add Pin To Net: Unknown Pin: Pin U101-3
Add Pin To Net: Unknown Pin: Pin U101-4
Add Pin To Net: Unknown Pin: Pin U101-5
Add Pin To Net: Unknown Pin: Pin U101-6
Add Pin To Net: Unknown Pin: Pin U102-1
Add Pin To Net: Unknown Pin: Pin U102-2
Add Pin To Net: Unknown Pin: Pin U102-3
Add Pin To Net: Unknown Pin: Pin U102-4
Add Pin To Net: Unknown Pin: Pin U200-1
Add Pin To Net: Unknown Pin: Pin U200-2
Add Pin To Net: Unknown Pin: Pin U200-3
Add Pin To Net: Unknown Pin: Pin U200-4
Add Pin To Net: Unknown Pin: Pin U200-5
Add Pin To Net: Unknown Pin: Pin U200-6
Add Pin To Net: Unknown Pin: Pin U200-7
Add Pin To Net: Unknown Pin: Pin U200-8
Add Pin To Net: Unknown Pin: Pin U200-9
Add Pin To Net: Unknown Pin: Pin U200-10
Add Pin To Net: Unknown Pin: Pin U200-11
Add Pin To Net: Unknown Pin: Pin U200-12
Add Pin To Net: Unknown Pin: Pin U200-13
Add Pin To Net: Unknown Pin: Pin U200-14
Add Pin To Net: Unknown Pin: Pin U201-1
Add Pin To Net: Unknown Pin: Pin U201-2
Add Pin To Net: Unknown Pin: Pin U201-3
Add Pin To Net: Unknown Pin: Pin U201-4
Add Pin To Net: Unknown Pin: Pin U201-5
Add Pin To Net: Unknown Pin: Pin U201-6
Add Pin To Net: Unknown Pin: Pin U201-7
Add Pin To Net: Unknown Pin: Pin U201-8
Add Pin To Net: Unknown Pin: Pin U201-9
Add Pin To Net: Unknown Pin: Pin U201-10
Add Pin To Net: Unknown Pin: Pin U201-11
Add Pin To Net: Unknown Pin: Pin U201-12
Add Pin To Net: Unknown Pin: Pin U201-13
Add Pin To Net: Unknown Pin: Pin U201-14
Add Pin To Net: Unknown Pin: Pin V200-1
Add Pin To Net: Unknown Pin: Pin V200-2
Add Pin To Net: Unknown Pin: Pin V200-3
Add Pin To Net: Unknown Pin: Pin V200-4
Add Pin To Net: Unknown Pin: Pin V200-5
Add Pin To Net: Unknown Pin: Pin V200-6
Add Pin To Net: Unknown Pin: Pin V200-7
Add Pin To Net: Unknown Pin: Pin V200-8
Add Pin To Net: Unknown Pin: Pin V201-1
Add Pin To Net: Unknown Pin: Pin V201-2
Add Pin To Net: Unknown Pin: Pin V201-3
Add Pin To Net: Unknown Pin: Pin V201-4
Add Pin To Net: Unknown Pin: Pin V201-5
Add Pin To Net: Unknown Pin: Pin V201-6
Add Pin To Net: Unknown Pin: Pin V201-7
Add Pin To Net: Unknown Pin: Pin V201-8
Add Pin To Net: Unknown Pin: Pin V202-1
Add Pin To Net: Unknown Pin: Pin V202-2
Add Pin To Net: Unknown Pin: Pin V202-3
Add Pin To Net: Unknown Pin: Pin V202-4
Add Pin To Net: Unknown Pin: Pin V202-5
Add Pin To Net: Unknown Pin: Pin V202-6
Add Pin To Net: Unknown Pin: Pin V202-7
Add Pin To Net: Unknown Pin: Pin V202-8
Add Pin To Net: Unknown Pin: Pin V203-1
Add Pin To Net: Unknown Pin: Pin V203-2
Add Pin To Net: Unknown Pin: Pin V203-3
Add Pin To Net: Unknown Pin: Pin V203-4
Add Pin To Net: Unknown Pin: Pin V203-5
Add Pin To Net: Unknown Pin: Pin V203-6
Add Pin To Net: Unknown Pin: Pin V203-7
Add Pin To Net: Unknown Pin: Pin V203-8
Add Pin To Net: Unknown Pin: Pin V204-1
Add Pin To Net: Unknown Pin: Pin V204-2
Add Pin To Net: Unknown Pin: Pin V204-3
Add Pin To Net: Unknown Pin: Pin V204-4
Add Pin To Net: Unknown Pin: Pin V204-5
Add Pin To Net: Unknown Pin: Pin V204-6
Add Pin To Net: Unknown Pin: Pin V204-7
Add Pin To Net: Unknown Pin: Pin V204-8
Add Pin To Net: Unknown Pin: Pin V205-1
Add Pin To Net: Unknown Pin: Pin V205-2
Add Pin To Net: Unknown Pin: Pin V205-3
Add Pin To Net: Unknown Pin: Pin V205-4
Add Pin To Net: Unknown Pin: Pin V205-5
Add Pin To Net: Unknown Pin: Pin V205-6
Add Pin To Net: Unknown Pin: Pin V205-7
Add Pin To Net: Unknown Pin: Pin V205-8
Add Class Member: Failed to add class member : Component C107 10u/10V
Add Class Member: Failed to add class member : Component C200 470n
Add Class Member: Failed to add class member : Component C201 470n
Add Class Member: Failed to add class member : Component C202 470n
Add Class Member: Failed to add class member : Component C203 470n
Add Class Member: Failed to add class member : Component C204 470n
Add Class Member: Failed to add class member : Component C205 470n
Add Class Member: Failed to add class member : Component C206 470n
Add Class Member: Failed to add class member : Component C207 470n
Add Class Member: Failed to add class member : Component C208 470n
Add Class Member: Failed to add class member : Component C209 470n
Add Class Member: Failed to add class member : Component C210 470n
Add Class Member: Failed to add class member : Component C211 470n
Add Class Member: Failed to add class member : Component D200 SMBJ20A-TR
Add Class Member: Failed to add class member : Component D201 BAS316
Add Class Member: Failed to add class member : Component D202 SMBJ20A-TR
Add Class Member: Failed to add class member : Component D203 BAS316
Add Class Member: Failed to add class member : Component D204 SMBJ20A-TR
Add Class Member: Failed to add class member : Component D205 BAS316
Add Class Member: Failed to add class member : Component D206 SMBJ20A-TR
Add Class Member: Failed to add class member : Component D207 BAS316
Add Class Member: Failed to add class member : Component D208 SMBJ20A-TR
Add Class Member: Failed to add class member : Component D209 BAS316
Add Class Member: Failed to add class member : Component D210 SMBJ20A-TR
Add Class Member: Failed to add class member : Component D211 BAS316
Add Class Member: Failed to add class member : Component D212 SMBJ20A-TR
Add Class Member: Failed to add class member : Component D213 BAS316
Add Class Member: Failed to add class member : Component D214 SMBJ20A-TR
Add Class Member: Failed to add class member : Component D215 BAS316
Add Class Member: Failed to add class member : Component D216 SMBJ20A-TR
Add Class Member: Failed to add class member : Component D217 BAS316
Add Class Member: Failed to add class member : Component D218 SMBJ20A-TR
Add Class Member: Failed to add class member : Component D219 BAS316
Add Class Member: Failed to add class member : Component D220 SMBJ20A-TR
Add Class Member: Failed to add class member : Component D221 BAS316
Add Class Member: Failed to add class member : Component D222 SMBJ20A-TR
Add Class Member: Failed to add class member : Component D223 BAS316
Add Class Member: Failed to add class member : Component L102 ASPI-4020S-3R3M-T
Add Class Member: Failed to add class member : Component R100 31k6
Add Class Member: Failed to add class member : Component R101 47k
Add Class Member: Failed to add class member : Component R200 1k0
Add Class Member: Failed to add class member : Component R201 3k3
Add Class Member: Failed to add class member : Component R202 3k3
Add Class Member: Failed to add class member : Component R204 1k0
Add Class Member: Failed to add class member : Component R205 3k3
Add Class Member: Failed to add class member : Component R206 560R
Add Class Member: Failed to add class member : Component R207 3k3
Add Class Member: Failed to add class member : Component R208 1k0
Add Class Member: Failed to add class member : Component R209 3k3
Add Class Member: Failed to add class member : Component R210 3k3
Add Class Member: Failed to add class member : Component R212 1k0
Add Class Member: Failed to add class member : Component R213 3k3
Add Class Member: Failed to add class member : Component R214 560R
Add Class Member: Failed to add class member : Component R215 3k3
Add Class Member: Failed to add class member : Component R216 1k0
Add Class Member: Failed to add class member : Component R217 3k3
Add Class Member: Failed to add class member : Component R218 3k3
Add Class Member: Failed to add class member : Component R220 1k0
Add Class Member: Failed to add class member : Component R221 3k3
Add Class Member: Failed to add class member : Component R222 560R
Add Class Member: Failed to add class member : Component R223 3k3
Add Class Member: Failed to add class member : Component R224 1k0
Add Class Member: Failed to add class member : Component R225 3k3
Add Class Member: Failed to add class member : Component R226 3k3
Add Class Member: Failed to add class member : Component R228 1k0
Add Class Member: Failed to add class member : Component R229 3k3
Add Class Member: Failed to add class member : Component R230 560R
Add Class Member: Failed to add class member : Component R231 3k3
Add Class Member: Failed to add class member : Component R232 1k0
Add Class Member: Failed to add class member : Component R233 3k3
Add Class Member: Failed to add class member : Component R234 3k3
Add Class Member: Failed to add class member : Component R236 1k0
Add Class Member: Failed to add class member : Component R237 3k3
Add Class Member: Failed to add class member : Component R238 560R
Add Class Member: Failed to add class member : Component R239 3k3
Add Class Member: Failed to add class member : Component R240 1k0
Add Class Member: Failed to add class member : Component R241 3k3
Add Class Member: Failed to add class member : Component R242 3k3
Add Class Member: Failed to add class member : Component R244 1k0
Add Class Member: Failed to add class member : Component R245 3k3
Add Class Member: Failed to add class member : Component R246 560R
Add Class Member: Failed to add class member : Component R247 3k3
Add Class Member: Failed to add class member : Component R248 3k3
Add Class Member: Failed to add class member : Component R249 3k3
Add Class Member: Failed to add class member : Component R250 3k3
Add Class Member: Failed to add class member : Component R300 4k7
Add Class Member: Failed to add class member : Component R301 4k7
Add Class Member: Failed to add class member : Component R302 1k0
Add Class Member: Failed to add class member : Component R303 4k7
Add Class Member: Failed to add class member : Component U101 AP62200WU-7
Add Class Member: Failed to add class member : Component U102 SL4U-1205
Add Class Member: Failed to add class member : Component U200 SN74HCT14DR
Add Class Member: Failed to add class member : Component U201 SN74HCT14DR
Add Class Member: Failed to add class member : Component V200 ILD213T
Add Class Member: Failed to add class member : Component V201 ILD213T
Add Class Member: Failed to add class member : Component V202 ILD213T
Add Class Member: Failed to add class member : Component V203 ILD213T
Add Class Member: Failed to add class member : Component V204 ILD213T
Add Class Member: Failed to add class member : Component V205 ILD213T
